<?xml version="1.0" encoding="UTF-8"?>
<!-- Generated by org.testng.reporters.JUnitReportReporter -->
<testsuite hostname="KCK-PC" failures="0" tests="4" name="com.ninjatutorials.testcases.Register" time="25.710" errors="0" timestamp="2024-08-31T18:54:21 IST" skipped="0">
  <testcase classname="com.ninjatutorials.testcases.Register" name="verifyRegisterAccountWithAllMandatoryFileds" time="6.599"/>
  <testcase classname="com.ninjatutorials.testcases.Register" name="verifyRegisterAccountWithAllFileds" time="7.952"/>
  <testcase classname="com.ninjatutorials.testcases.Register" name="verifyRegisterAccountWithExistingDetails" time="6.013"/>
  <testcase classname="com.ninjatutorials.testcases.Register" name="verifyWarningsWithoutfillingAnyDetails" time="5.146"/>
</testsuite> <!-- com.ninjatutorials.testcases.Register -->
