<?xml version="1.0" encoding="UTF-8"?>
<!-- Generated by org.testng.reporters.JUnitReportReporter -->
<testsuite hostname="KCK-PC" failures="0" tests="7" name="com.ninjatutorials.testcases.Login" time="41.040" errors="0" timestamp="2024-08-31T18:54:22 IST" skipped="0">
  <testcase classname="com.ninjatutorials.testcases.Login" name="verifyLoginWithValidCredentials" time="5.847"/>
  <testcase classname="com.ninjatutorials.testcases.Login" name="verifyLoginWithValidCredentials" time="6.946"/>
  <testcase classname="com.ninjatutorials.testcases.Login" name="verifyLoginWithValidCredentials" time="5.991"/>
  <testcase classname="com.ninjatutorials.testcases.Login" name="verifyLoginWithInValidCredentials" time="5.664"/>
  <testcase classname="com.ninjatutorials.testcases.Login" name="verifyLoginWithInValidEmailAndValidPassword" time="5.216"/>
  <testcase classname="com.ninjatutorials.testcases.Login" name="verifyLoginWithValidEmailAndInValidPassword" time="6.258"/>
  <testcase classname="com.ninjatutorials.testcases.Login" name="verifyLoginWithOutProvidingAnyCredentials" time="5.118"/>
</testsuite> <!-- com.ninjatutorials.testcases.Login -->
